{"__type":"$$EventMessageAudit","id":"1e00cae9-5c34-419d-b1ef-fd7e883bd794","ts":"2025-12-12T02:00:10.703+00:00","eventName":"n8n.audit.workflow.created","message":"n8n.audit.workflow.created","payload":{"userId":"bd412d5a-e9ed-4c3c-a263-ca7487b0df5b","_email":"nmailsnmails985@gmail.com","_firstName":"Ovina","_lastName":"Saint-Martin","globalRole":"global:owner","workflowId":"lb5ybaA4QWX9H0oC","workflowName":"My workflow"}}
{"__type":"$$EventMessageConfirm","confirm":"1e00cae9-5c34-419d-b1ef-fd7e883bd794","ts":"2025-12-12T02:00:10.707+00:00","source":{"id":"0","name":"eventBus"}}
{"__type":"$$EventMessageWorkflow","id":"d333d7a4-5ffa-4317-9dc4-c77e4ade8c69","ts":"2025-12-12T02:00:10.999+00:00","eventName":"n8n.workflow.started","message":"n8n.workflow.started","payload":{"executionId":"1","workflowId":"lb5ybaA4QWX9H0oC","isManual":false,"workflowName":"My workflow"}}
{"__type":"$$EventMessageConfirm","confirm":"d333d7a4-5ffa-4317-9dc4-c77e4ade8c69","ts":"2025-12-12T02:00:10.999+00:00","source":{"id":"0","name":"eventBus"}}
{"__type":"$$EventMessageNode","id":"d4bf1337-71d1-4533-926e-5cfd8e48167b","ts":"2025-12-12T02:00:11.005+00:00","eventName":"n8n.node.started","message":"n8n.node.started","payload":{"workflowId":"lb5ybaA4QWX9H0oC","workflowName":"My workflow","executionId":"1","nodeType":"n8n-nodes-base.manualTrigger","nodeName":"When clicking ‘Execute workflow’","nodeId":"bc22ce85-58a3-46f8-8832-c2edc10292ff"}}
{"__type":"$$EventMessageConfirm","confirm":"d4bf1337-71d1-4533-926e-5cfd8e48167b","ts":"2025-12-12T02:00:11.005+00:00","source":{"id":"0","name":"eventBus"}}
{"__type":"$$EventMessageNode","id":"fd72f5e0-1317-4430-8978-c4a438f960d2","ts":"2025-12-12T02:00:11.014+00:00","eventName":"n8n.node.finished","message":"n8n.node.finished","payload":{"workflowId":"lb5ybaA4QWX9H0oC","workflowName":"My workflow","executionId":"1","nodeType":"n8n-nodes-base.manualTrigger","nodeName":"When clicking ‘Execute workflow’","nodeId":"bc22ce85-58a3-46f8-8832-c2edc10292ff"}}
{"__type":"$$EventMessageConfirm","confirm":"fd72f5e0-1317-4430-8978-c4a438f960d2","ts":"2025-12-12T02:00:11.014+00:00","source":{"id":"0","name":"eventBus"}}
{"__type":"$$EventMessageNode","id":"4621fe6f-3219-4015-8750-74468c2c173c","ts":"2025-12-12T02:00:11.015+00:00","eventName":"n8n.node.started","message":"n8n.node.started","payload":{"workflowId":"lb5ybaA4QWX9H0oC","workflowName":"My workflow","executionId":"1","nodeType":"n8n-nodes-base.httpRequest","nodeName":"HTTP Request","nodeId":"77a3d45a-2d46-4c11-92cf-01f8698c36c1"}}
{"__type":"$$EventMessageConfirm","confirm":"4621fe6f-3219-4015-8750-74468c2c173c","ts":"2025-12-12T02:00:11.016+00:00","source":{"id":"0","name":"eventBus"}}
{"__type":"$$EventMessageNode","id":"891aea40-7967-43ff-b3de-3facbef97f0c","ts":"2025-12-12T02:00:11.916+00:00","eventName":"n8n.node.finished","message":"n8n.node.finished","payload":{"workflowId":"lb5ybaA4QWX9H0oC","workflowName":"My workflow","executionId":"1","nodeType":"n8n-nodes-base.httpRequest","nodeName":"HTTP Request","nodeId":"77a3d45a-2d46-4c11-92cf-01f8698c36c1"}}
{"__type":"$$EventMessageConfirm","confirm":"891aea40-7967-43ff-b3de-3facbef97f0c","ts":"2025-12-12T02:00:11.916+00:00","source":{"id":"0","name":"eventBus"}}
{"__type":"$$EventMessageWorkflow","id":"ebb744b1-87cf-4b9d-af27-726db48f859f","ts":"2025-12-12T02:00:11.922+00:00","eventName":"n8n.workflow.failed","message":"n8n.workflow.failed","payload":{"userId":"bd412d5a-e9ed-4c3c-a263-ca7487b0df5b","executionId":"1","success":false,"isManual":true,"workflowId":"lb5ybaA4QWX9H0oC","workflowName":"My workflow","lastNodeExecuted":"HTTP Request","errorNodeType":"n8n-nodes-base.httpRequest","errorMessage":"Bad request - please check your parameters"}}
{"__type":"$$EventMessageConfirm","confirm":"ebb744b1-87cf-4b9d-af27-726db48f859f","ts":"2025-12-12T02:00:11.922+00:00","source":{"id":"0","name":"eventBus"}}
{"__type":"$$EventMessageWorkflow","id":"ea54a902-47e4-4d21-acef-b2c6c18f9b9a","ts":"2025-12-12T02:02:46.893+00:00","eventName":"n8n.workflow.started","message":"n8n.workflow.started","payload":{"executionId":"2","workflowId":"lb5ybaA4QWX9H0oC","isManual":false,"workflowName":"My workflow"}}
{"__type":"$$EventMessageConfirm","confirm":"ea54a902-47e4-4d21-acef-b2c6c18f9b9a","ts":"2025-12-12T02:02:46.894+00:00","source":{"id":"0","name":"eventBus"}}
{"__type":"$$EventMessageNode","id":"2422bf76-6cfe-4eec-9c2e-9908dc095d4e","ts":"2025-12-12T02:02:46.895+00:00","eventName":"n8n.node.started","message":"n8n.node.started","payload":{"workflowId":"lb5ybaA4QWX9H0oC","workflowName":"My workflow","executionId":"2","nodeType":"n8n-nodes-base.httpRequest","nodeName":"HTTP Request","nodeId":"77a3d45a-2d46-4c11-92cf-01f8698c36c1"}}
{"__type":"$$EventMessageConfirm","confirm":"2422bf76-6cfe-4eec-9c2e-9908dc095d4e","ts":"2025-12-12T02:02:46.895+00:00","source":{"id":"0","name":"eventBus"}}
{"__type":"$$EventMessageNode","id":"e3e7f8ae-5f79-4b5a-b58c-193c4fdc6ab4","ts":"2025-12-12T02:02:47.721+00:00","eventName":"n8n.node.finished","message":"n8n.node.finished","payload":{"workflowId":"lb5ybaA4QWX9H0oC","workflowName":"My workflow","executionId":"2","nodeType":"n8n-nodes-base.httpRequest","nodeName":"HTTP Request","nodeId":"77a3d45a-2d46-4c11-92cf-01f8698c36c1"}}
{"__type":"$$EventMessageConfirm","confirm":"e3e7f8ae-5f79-4b5a-b58c-193c4fdc6ab4","ts":"2025-12-12T02:02:47.721+00:00","source":{"id":"0","name":"eventBus"}}
{"__type":"$$EventMessageWorkflow","id":"d3b7e3d8-d869-45cc-9490-ae3a6c5a3dcf","ts":"2025-12-12T02:02:47.724+00:00","eventName":"n8n.workflow.success","message":"n8n.workflow.success","payload":{"userId":"bd412d5a-e9ed-4c3c-a263-ca7487b0df5b","executionId":"2","success":true,"isManual":true,"workflowId":"lb5ybaA4QWX9H0oC","workflowName":"My workflow"}}
{"__type":"$$EventMessageConfirm","confirm":"d3b7e3d8-d869-45cc-9490-ae3a6c5a3dcf","ts":"2025-12-12T02:02:47.724+00:00","source":{"id":"0","name":"eventBus"}}
{"__type":"$$EventMessageAudit","id":"8d0f843a-73d6-4889-ae10-1edcf4711509","ts":"2025-12-12T02:31:33.829+00:00","eventName":"n8n.audit.user.credentials.created","message":"n8n.audit.user.credentials.created","payload":{"userId":"bd412d5a-e9ed-4c3c-a263-ca7487b0df5b","_email":"nmailsnmails985@gmail.com","_firstName":"Ovina","_lastName":"Saint-Martin","globalRole":"global:owner","credentialType":"imap","credentialId":"pSM0kwdSd74VhTI5","publicApi":false,"projectId":"lAkKTThCYJlwK5fZ","projectType":"personal"}}
{"__type":"$$EventMessageConfirm","confirm":"8d0f843a-73d6-4889-ae10-1edcf4711509","ts":"2025-12-12T02:31:33.829+00:00","source":{"id":"0","name":"eventBus"}}
{"__type":"$$EventMessageWorkflow","id":"0dd77e4e-7a75-436d-9cf1-98f578e1df80","ts":"2025-12-12T02:31:42.651+00:00","eventName":"n8n.workflow.started","message":"n8n.workflow.started","payload":{"executionId":"3","workflowId":"lb5ybaA4QWX9H0oC","isManual":false,"workflowName":"My workflow"}}
{"__type":"$$EventMessageConfirm","confirm":"0dd77e4e-7a75-436d-9cf1-98f578e1df80","ts":"2025-12-12T02:31:42.651+00:00","source":{"id":"0","name":"eventBus"}}
{"__type":"$$EventMessageNode","id":"0b56e702-b5a4-42b0-8f74-44957feaf998","ts":"2025-12-12T02:31:42.653+00:00","eventName":"n8n.node.started","message":"n8n.node.started","payload":{"workflowId":"lb5ybaA4QWX9H0oC","workflowName":"My workflow","executionId":"3","nodeType":"n8n-nodes-base.emailReadImap","nodeName":"Email Trigger (IMAP)","nodeId":"7d7a8703-fbda-43d5-ae0f-64b59f74330a"}}
{"__type":"$$EventMessageConfirm","confirm":"0b56e702-b5a4-42b0-8f74-44957feaf998","ts":"2025-12-12T02:31:42.653+00:00","source":{"id":"0","name":"eventBus"}}
{"__type":"$$EventMessageWorkflow","id":"a914760e-1622-4398-81e8-c24217db8c9c","ts":"2025-12-12T02:31:55.390+00:00","eventName":"n8n.workflow.failed","message":"n8n.workflow.failed","payload":{"userId":"bd412d5a-e9ed-4c3c-a263-ca7487b0df5b","executionId":"3","success":false,"isManual":true,"workflowId":"lb5ybaA4QWX9H0oC","workflowName":"My workflow"}}
{"__type":"$$EventMessageConfirm","confirm":"a914760e-1622-4398-81e8-c24217db8c9c","ts":"2025-12-12T02:31:55.390+00:00","source":{"id":"0","name":"eventBus"}}
{"__type":"$$EventMessageWorkflow","id":"1d0321e4-e850-4fbf-b08f-10bcfd56a42a","ts":"2025-12-12T02:32:36.590+00:00","eventName":"n8n.workflow.started","message":"n8n.workflow.started","payload":{"executionId":"4","workflowId":"lb5ybaA4QWX9H0oC","isManual":false,"workflowName":"My workflow"}}
{"__type":"$$EventMessageConfirm","confirm":"1d0321e4-e850-4fbf-b08f-10bcfd56a42a","ts":"2025-12-12T02:32:36.590+00:00","source":{"id":"0","name":"eventBus"}}
{"__type":"$$EventMessageNode","id":"2b285aad-fb4e-49c0-9092-db7d108fb1be","ts":"2025-12-12T02:32:36.591+00:00","eventName":"n8n.node.started","message":"n8n.node.started","payload":{"workflowId":"lb5ybaA4QWX9H0oC","workflowName":"My workflow","executionId":"4","nodeType":"n8n-nodes-base.manualTrigger","nodeName":"When clicking ‘Execute workflow’","nodeId":"bc22ce85-58a3-46f8-8832-c2edc10292ff"}}
{"__type":"$$EventMessageConfirm","confirm":"2b285aad-fb4e-49c0-9092-db7d108fb1be","ts":"2025-12-12T02:32:36.592+00:00","source":{"id":"0","name":"eventBus"}}
{"__type":"$$EventMessageNode","id":"35775a10-5cff-4265-a223-92d6981c457b","ts":"2025-12-12T02:32:36.592+00:00","eventName":"n8n.node.finished","message":"n8n.node.finished","payload":{"workflowId":"lb5ybaA4QWX9H0oC","workflowName":"My workflow","executionId":"4","nodeType":"n8n-nodes-base.manualTrigger","nodeName":"When clicking ‘Execute workflow’","nodeId":"bc22ce85-58a3-46f8-8832-c2edc10292ff"}}
{"__type":"$$EventMessageConfirm","confirm":"35775a10-5cff-4265-a223-92d6981c457b","ts":"2025-12-12T02:32:36.593+00:00","source":{"id":"0","name":"eventBus"}}
{"__type":"$$EventMessageNode","id":"ed37703a-e59f-4e9e-9417-d89e370aba1f","ts":"2025-12-12T02:32:36.594+00:00","eventName":"n8n.node.started","message":"n8n.node.started","payload":{"workflowId":"lb5ybaA4QWX9H0oC","workflowName":"My workflow","executionId":"4","nodeType":"n8n-nodes-base.httpRequest","nodeName":"HTTP Request","nodeId":"77a3d45a-2d46-4c11-92cf-01f8698c36c1"}}
{"__type":"$$EventMessageConfirm","confirm":"ed37703a-e59f-4e9e-9417-d89e370aba1f","ts":"2025-12-12T02:32:36.594+00:00","source":{"id":"0","name":"eventBus"}}
{"__type":"$$EventMessageNode","id":"f248be35-0b0c-4830-a2b9-3d6cd6a5b9d4","ts":"2025-12-12T02:32:37.408+00:00","eventName":"n8n.node.finished","message":"n8n.node.finished","payload":{"workflowId":"lb5ybaA4QWX9H0oC","workflowName":"My workflow","executionId":"4","nodeType":"n8n-nodes-base.httpRequest","nodeName":"HTTP Request","nodeId":"77a3d45a-2d46-4c11-92cf-01f8698c36c1"}}
{"__type":"$$EventMessageConfirm","confirm":"f248be35-0b0c-4830-a2b9-3d6cd6a5b9d4","ts":"2025-12-12T02:32:37.408+00:00","source":{"id":"0","name":"eventBus"}}
{"__type":"$$EventMessageWorkflow","id":"d59d0b1c-025b-47f8-bdbd-d9bac247d97b","ts":"2025-12-12T02:32:37.410+00:00","eventName":"n8n.workflow.success","message":"n8n.workflow.success","payload":{"userId":"bd412d5a-e9ed-4c3c-a263-ca7487b0df5b","executionId":"4","success":true,"isManual":true,"workflowId":"lb5ybaA4QWX9H0oC","workflowName":"My workflow"}}
{"__type":"$$EventMessageConfirm","confirm":"d59d0b1c-025b-47f8-bdbd-d9bac247d97b","ts":"2025-12-12T02:32:37.410+00:00","source":{"id":"0","name":"eventBus"}}
{"__type":"$$EventMessageWorkflow","id":"f9f31fe7-f227-420b-b224-9a350616cb18","ts":"2025-12-12T02:33:07.455+00:00","eventName":"n8n.workflow.started","message":"n8n.workflow.started","payload":{"executionId":"5","workflowId":"lb5ybaA4QWX9H0oC","isManual":false,"workflowName":"My workflow"}}
{"__type":"$$EventMessageConfirm","confirm":"f9f31fe7-f227-420b-b224-9a350616cb18","ts":"2025-12-12T02:33:07.455+00:00","source":{"id":"0","name":"eventBus"}}
{"__type":"$$EventMessageNode","id":"8bad2b91-2f80-48da-b37f-fbaccf6b5d5e","ts":"2025-12-12T02:33:07.456+00:00","eventName":"n8n.node.started","message":"n8n.node.started","payload":{"workflowId":"lb5ybaA4QWX9H0oC","workflowName":"My workflow","executionId":"5","nodeType":"n8n-nodes-base.manualTrigger","nodeName":"When clicking ‘Execute workflow’","nodeId":"bc22ce85-58a3-46f8-8832-c2edc10292ff"}}
{"__type":"$$EventMessageConfirm","confirm":"8bad2b91-2f80-48da-b37f-fbaccf6b5d5e","ts":"2025-12-12T02:33:07.456+00:00","source":{"id":"0","name":"eventBus"}}
{"__type":"$$EventMessageNode","id":"3070db35-8c61-4ccd-a462-ffd407886f38","ts":"2025-12-12T02:33:07.459+00:00","eventName":"n8n.node.finished","message":"n8n.node.finished","payload":{"workflowId":"lb5ybaA4QWX9H0oC","workflowName":"My workflow","executionId":"5","nodeType":"n8n-nodes-base.manualTrigger","nodeName":"When clicking ‘Execute workflow’","nodeId":"bc22ce85-58a3-46f8-8832-c2edc10292ff"}}
{"__type":"$$EventMessageConfirm","confirm":"3070db35-8c61-4ccd-a462-ffd407886f38","ts":"2025-12-12T02:33:07.459+00:00","source":{"id":"0","name":"eventBus"}}
{"__type":"$$EventMessageNode","id":"64be584e-a20f-46c9-a514-44701e1c9e16","ts":"2025-12-12T02:33:07.460+00:00","eventName":"n8n.node.started","message":"n8n.node.started","payload":{"workflowId":"lb5ybaA4QWX9H0oC","workflowName":"My workflow","executionId":"5","nodeType":"n8n-nodes-base.httpRequest","nodeName":"HTTP Request","nodeId":"77a3d45a-2d46-4c11-92cf-01f8698c36c1"}}
{"__type":"$$EventMessageConfirm","confirm":"64be584e-a20f-46c9-a514-44701e1c9e16","ts":"2025-12-12T02:33:07.460+00:00","source":{"id":"0","name":"eventBus"}}
{"__type":"$$EventMessageNode","id":"2121f750-61d5-4ec8-a7ac-519ff8f868d8","ts":"2025-12-12T02:33:08.226+00:00","eventName":"n8n.node.finished","message":"n8n.node.finished","payload":{"workflowId":"lb5ybaA4QWX9H0oC","workflowName":"My workflow","executionId":"5","nodeType":"n8n-nodes-base.httpRequest","nodeName":"HTTP Request","nodeId":"77a3d45a-2d46-4c11-92cf-01f8698c36c1"}}
{"__type":"$$EventMessageConfirm","confirm":"2121f750-61d5-4ec8-a7ac-519ff8f868d8","ts":"2025-12-12T02:33:08.226+00:00","source":{"id":"0","name":"eventBus"}}
{"__type":"$$EventMessageWorkflow","id":"ed43e47f-34c5-47e9-ab0b-1f410ec8c155","ts":"2025-12-12T02:33:08.229+00:00","eventName":"n8n.workflow.success","message":"n8n.workflow.success","payload":{"userId":"bd412d5a-e9ed-4c3c-a263-ca7487b0df5b","executionId":"5","success":true,"isManual":true,"workflowId":"lb5ybaA4QWX9H0oC","workflowName":"My workflow"}}
{"__type":"$$EventMessageConfirm","confirm":"ed43e47f-34c5-47e9-ab0b-1f410ec8c155","ts":"2025-12-12T02:33:08.229+00:00","source":{"id":"0","name":"eventBus"}}
{"__type":"$$EventMessageWorkflow","id":"e71c6623-f884-4b49-ab8d-ce378c63169e","ts":"2025-12-12T02:33:10.727+00:00","eventName":"n8n.workflow.started","message":"n8n.workflow.started","payload":{"executionId":"6","workflowId":"lb5ybaA4QWX9H0oC","isManual":false,"workflowName":"My workflow"}}
{"__type":"$$EventMessageConfirm","confirm":"e71c6623-f884-4b49-ab8d-ce378c63169e","ts":"2025-12-12T02:33:10.727+00:00","source":{"id":"0","name":"eventBus"}}
{"__type":"$$EventMessageNode","id":"d2bc1836-d3a6-4f99-a324-104d8cb21a0e","ts":"2025-12-12T02:33:10.728+00:00","eventName":"n8n.node.started","message":"n8n.node.started","payload":{"workflowId":"lb5ybaA4QWX9H0oC","workflowName":"My workflow","executionId":"6","nodeType":"n8n-nodes-base.emailReadImap","nodeName":"Email Trigger (IMAP)","nodeId":"7d7a8703-fbda-43d5-ae0f-64b59f74330a"}}
{"__type":"$$EventMessageConfirm","confirm":"d2bc1836-d3a6-4f99-a324-104d8cb21a0e","ts":"2025-12-12T02:33:10.728+00:00","source":{"id":"0","name":"eventBus"}}
{"__type":"$$EventMessageWorkflow","id":"0de0a3bb-3f46-481b-8fda-83d75f223e45","ts":"2025-12-12T02:34:12.640+00:00","eventName":"n8n.workflow.failed","message":"n8n.workflow.failed","payload":{"userId":"bd412d5a-e9ed-4c3c-a263-ca7487b0df5b","executionId":"6","success":false,"isManual":true,"workflowId":"lb5ybaA4QWX9H0oC","workflowName":"My workflow"}}
{"__type":"$$EventMessageConfirm","confirm":"0de0a3bb-3f46-481b-8fda-83d75f223e45","ts":"2025-12-12T02:34:12.640+00:00","source":{"id":"0","name":"eventBus"}}
{"__type":"$$EventMessageWorkflow","id":"b2d630d6-f364-48c8-8500-d154e5905e4f","ts":"2025-12-12T02:34:16.018+00:00","eventName":"n8n.workflow.started","message":"n8n.workflow.started","payload":{"executionId":"7","workflowId":"lb5ybaA4QWX9H0oC","isManual":false,"workflowName":"My workflow"}}
{"__type":"$$EventMessageConfirm","confirm":"b2d630d6-f364-48c8-8500-d154e5905e4f","ts":"2025-12-12T02:34:16.018+00:00","source":{"id":"0","name":"eventBus"}}
{"__type":"$$EventMessageNode","id":"95aab12b-3025-4886-a07d-9cae35f2bc7b","ts":"2025-12-12T02:34:16.019+00:00","eventName":"n8n.node.started","message":"n8n.node.started","payload":{"workflowId":"lb5ybaA4QWX9H0oC","workflowName":"My workflow","executionId":"7","nodeType":"n8n-nodes-base.manualTrigger","nodeName":"When clicking ‘Execute workflow’","nodeId":"bc22ce85-58a3-46f8-8832-c2edc10292ff"}}
{"__type":"$$EventMessageConfirm","confirm":"95aab12b-3025-4886-a07d-9cae35f2bc7b","ts":"2025-12-12T02:34:16.019+00:00","source":{"id":"0","name":"eventBus"}}
{"__type":"$$EventMessageNode","id":"280d0251-ba5e-4fc6-94a8-9edfc26c7e4c","ts":"2025-12-12T02:34:16.020+00:00","eventName":"n8n.node.finished","message":"n8n.node.finished","payload":{"workflowId":"lb5ybaA4QWX9H0oC","workflowName":"My workflow","executionId":"7","nodeType":"n8n-nodes-base.manualTrigger","nodeName":"When clicking ‘Execute workflow’","nodeId":"bc22ce85-58a3-46f8-8832-c2edc10292ff"}}
{"__type":"$$EventMessageConfirm","confirm":"280d0251-ba5e-4fc6-94a8-9edfc26c7e4c","ts":"2025-12-12T02:34:16.020+00:00","source":{"id":"0","name":"eventBus"}}
{"__type":"$$EventMessageNode","id":"08ef35f0-051a-4e01-a5ac-7ed1d8144673","ts":"2025-12-12T02:34:16.021+00:00","eventName":"n8n.node.started","message":"n8n.node.started","payload":{"workflowId":"lb5ybaA4QWX9H0oC","workflowName":"My workflow","executionId":"7","nodeType":"n8n-nodes-base.httpRequest","nodeName":"HTTP Request","nodeId":"77a3d45a-2d46-4c11-92cf-01f8698c36c1"}}
{"__type":"$$EventMessageConfirm","confirm":"08ef35f0-051a-4e01-a5ac-7ed1d8144673","ts":"2025-12-12T02:34:16.021+00:00","source":{"id":"0","name":"eventBus"}}
{"__type":"$$EventMessageNode","id":"ddf8518f-9c67-4cd2-9f2a-0d09ed2be322","ts":"2025-12-12T02:34:16.793+00:00","eventName":"n8n.node.finished","message":"n8n.node.finished","payload":{"workflowId":"lb5ybaA4QWX9H0oC","workflowName":"My workflow","executionId":"7","nodeType":"n8n-nodes-base.httpRequest","nodeName":"HTTP Request","nodeId":"77a3d45a-2d46-4c11-92cf-01f8698c36c1"}}
{"__type":"$$EventMessageConfirm","confirm":"ddf8518f-9c67-4cd2-9f2a-0d09ed2be322","ts":"2025-12-12T02:34:16.794+00:00","source":{"id":"0","name":"eventBus"}}
{"__type":"$$EventMessageWorkflow","id":"0c0b0769-f00a-4fd6-96b4-e5b97181ab82","ts":"2025-12-12T02:34:16.797+00:00","eventName":"n8n.workflow.success","message":"n8n.workflow.success","payload":{"userId":"bd412d5a-e9ed-4c3c-a263-ca7487b0df5b","executionId":"7","success":true,"isManual":true,"workflowId":"lb5ybaA4QWX9H0oC","workflowName":"My workflow"}}
{"__type":"$$EventMessageConfirm","confirm":"0c0b0769-f00a-4fd6-96b4-e5b97181ab82","ts":"2025-12-12T02:34:16.797+00:00","source":{"id":"0","name":"eventBus"}}
{"__type":"$$EventMessageAudit","id":"4533debb-2b60-4e67-97f6-679cfb1d83cb","ts":"2025-12-12T02:36:48.453+00:00","eventName":"n8n.audit.workflow.updated","message":"n8n.audit.workflow.updated","payload":{"userId":"bd412d5a-e9ed-4c3c-a263-ca7487b0df5b","_email":"nmailsnmails985@gmail.com","_firstName":"Ovina","_lastName":"Saint-Martin","globalRole":"global:owner","workflowId":"lb5ybaA4QWX9H0oC","workflowName":"My workflow"}}
{"__type":"$$EventMessageConfirm","confirm":"4533debb-2b60-4e67-97f6-679cfb1d83cb","ts":"2025-12-12T02:36:48.453+00:00","source":{"id":"0","name":"eventBus"}}
{"__type":"$$EventMessageAudit","id":"81eedb41-2419-4a87-8b6f-06e005ce21c9","ts":"2025-12-12T02:37:22.637+00:00","eventName":"n8n.audit.workflow.updated","message":"n8n.audit.workflow.updated","payload":{"userId":"bd412d5a-e9ed-4c3c-a263-ca7487b0df5b","_email":"nmailsnmails985@gmail.com","_firstName":"Ovina","_lastName":"Saint-Martin","globalRole":"global:owner","workflowId":"lb5ybaA4QWX9H0oC","workflowName":"My workflow"}}
{"__type":"$$EventMessageConfirm","confirm":"81eedb41-2419-4a87-8b6f-06e005ce21c9","ts":"2025-12-12T02:37:22.637+00:00","source":{"id":"0","name":"eventBus"}}
{"__type":"$$EventMessageWorkflow","id":"cefaf68b-c677-4ed5-815d-ffd057ac588f","ts":"2025-12-12T02:39:06.889+00:00","eventName":"n8n.workflow.started","message":"n8n.workflow.started","payload":{"executionId":"8","workflowId":"lb5ybaA4QWX9H0oC","isManual":false,"workflowName":"My workflow"}}
{"__type":"$$EventMessageConfirm","confirm":"cefaf68b-c677-4ed5-815d-ffd057ac588f","ts":"2025-12-12T02:39:06.889+00:00","source":{"id":"0","name":"eventBus"}}
{"__type":"$$EventMessageNode","id":"3c37b0a5-3dd6-4ec6-b8e6-69b8aec316cf","ts":"2025-12-12T02:39:06.890+00:00","eventName":"n8n.node.started","message":"n8n.node.started","payload":{"workflowId":"lb5ybaA4QWX9H0oC","workflowName":"My workflow","executionId":"8","nodeType":"n8n-nodes-base.emailReadImap","nodeName":"Email Trigger (IMAP)","nodeId":"7d7a8703-fbda-43d5-ae0f-64b59f74330a"}}
{"__type":"$$EventMessageConfirm","confirm":"3c37b0a5-3dd6-4ec6-b8e6-69b8aec316cf","ts":"2025-12-12T02:39:06.890+00:00","source":{"id":"0","name":"eventBus"}}
{"__type":"$$EventMessageWorkflow","id":"aeb69f7a-1a4e-4345-9646-e86ba35a9ecb","ts":"2025-12-12T02:39:11.268+00:00","eventName":"n8n.workflow.failed","message":"n8n.workflow.failed","payload":{"userId":"bd412d5a-e9ed-4c3c-a263-ca7487b0df5b","executionId":"8","success":false,"isManual":true,"workflowId":"lb5ybaA4QWX9H0oC","workflowName":"My workflow"}}
{"__type":"$$EventMessageConfirm","confirm":"aeb69f7a-1a4e-4345-9646-e86ba35a9ecb","ts":"2025-12-12T02:39:11.269+00:00","source":{"id":"0","name":"eventBus"}}
{"__type":"$$EventMessageAudit","id":"8989d4a1-e6b0-4ea6-a882-559182fad8d0","ts":"2025-12-12T02:40:04.255+00:00","eventName":"n8n.audit.workflow.updated","message":"n8n.audit.workflow.updated","payload":{"userId":"bd412d5a-e9ed-4c3c-a263-ca7487b0df5b","_email":"nmailsnmails985@gmail.com","_firstName":"Ovina","_lastName":"Saint-Martin","globalRole":"global:owner","workflowId":"lb5ybaA4QWX9H0oC","workflowName":"My workflow"}}
{"__type":"$$EventMessageConfirm","confirm":"8989d4a1-e6b0-4ea6-a882-559182fad8d0","ts":"2025-12-12T02:40:04.255+00:00","source":{"id":"0","name":"eventBus"}}
{"__type":"$$EventMessageAudit","id":"e327e8e6-e30e-4492-b0ed-fe84eb0d7d63","ts":"2025-12-12T02:50:25.687+00:00","eventName":"n8n.audit.user.credentials.updated","message":"n8n.audit.user.credentials.updated","payload":{"userId":"bd412d5a-e9ed-4c3c-a263-ca7487b0df5b","_email":"nmailsnmails985@gmail.com","_firstName":"Ovina","_lastName":"Saint-Martin","globalRole":"global:owner","credentialType":"imap","credentialId":"pSM0kwdSd74VhTI5"}}
{"__type":"$$EventMessageConfirm","confirm":"e327e8e6-e30e-4492-b0ed-fe84eb0d7d63","ts":"2025-12-12T02:50:25.687+00:00","source":{"id":"0","name":"eventBus"}}
